<?xml version="1.0" encoding="UTF-8"?>
<!-- Generated by org.testng.reporters.JUnitXMLReporter -->
<testsuite hostname="DESKTOP-D1NECJQ" ignored="1" name="firefox" tests="1" failures="1" timestamp="23 Aug 2022 13:53:39 GMT" time="45.828" errors="0">
  <testcase name="test3" time="30.57" classname="org.test.parall.Sample">
    <failure type="java.lang.AssertionError" message="The following asserts failed:
	verify url expected [true] but found [false]">
      <![CDATA[java.lang.AssertionError: The following asserts failed:
verify url expected [true] but found [false]
at org.test.parall.Sample.test3(Sample.java:79)
... Removed 26 stack frames]]>
    </failure>
  </testcase> <!-- test3 -->
  <testcase name="test1" time="0.0" classname="org.test.parall.Sample">
    <ignored/>
  </testcase> <!-- test1 -->
</testsuite> <!-- firefox -->
