<?xml version="1.0" encoding="UTF-8"?>
<!-- Generated by org.testng.reporters.JUnitXMLReporter -->
<testsuite hostname="DESKTOP-D1NECJQ" ignored="4" name="Test" tests="5" failures="0" timestamp="01 Sep 2022 07:02:09 GMT" time="0.166" errors="0">
  <testcase name="testA2" time="0.031" classname="org.test.groupss.A"/>
  <testcase name="testA3" time="0.009" classname="org.test.groupss.A"/>
  <testcase name="testA6" time="0.005" classname="org.test.groupss.A"/>
  <testcase name="testA7" time="0.005" classname="org.test.groupss.A"/>
  <testcase name="testA9" time="0.003" classname="org.test.groupss.A"/>
  <testcase name="testA8" time="0.0" classname="org.test.groupss.A">
    <ignored/>
  </testcase> <!-- testA8 -->
  <testcase name="testA1" time="0.0" classname="org.test.groupss.A">
    <ignored/>
  </testcase> <!-- testA1 -->
  <testcase name="testA5" time="0.0" classname="org.test.groupss.A">
    <ignored/>
  </testcase> <!-- testA5 -->
  <testcase name="testA4" time="0.0" classname="org.test.groupss.A">
    <ignored/>
  </testcase> <!-- testA4 -->
</testsuite> <!-- Test -->
