<?xml version="1.0" encoding="UTF-8"?>
<!-- Generated by org.testng.reporters.JUnitXMLReporter -->
<testsuite hostname="DESKTOP-D1NECJQ" ignored="0" name="Test3" tests="6" failures="0" timestamp="24 Aug 2022 04:33:58 GMT" time="0.239" errors="0">
  <testcase name="testC1" time="0.047" classname="org.test.parall.C"/>
  <testcase name="testC2" time="0.01" classname="org.test.parall.C"/>
  <testcase name="testC3" time="0.004" classname="org.test.parall.C"/>
  <testcase name="testB1" time="0.02" classname="org.test.parall.B"/>
  <testcase name="testB2" time="0.01" classname="org.test.parall.B"/>
  <testcase name="testB3" time="0.007" classname="org.test.parall.B"/>
</testsuite> <!-- Test3 -->
